2016-11-11 19:45:54,607 [Worker-34] INFO  o.e.m.c.i.l.LifecycleMappingFactory - Using org.eclipse.m2e.jdt.JarLifecycleMapping lifecycle mapping for MavenProject: com.manorama:smart-news:0.0.1-SNAPSHOT @ G:\ManoramaHack\server-framework\smart-news\pom.xml.
2016-11-11 19:45:56,988 [Worker-34] INFO  o.e.m.j.i.AbstractJavaProjectConfigurator - Adding source folder /smart-news/src/main/java
2016-11-11 19:45:56,989 [Worker-30] INFO  o.e.m.c.i.l.LifecycleMappingFactory - Using org.eclipse.m2e.jdt.JarLifecycleMapping lifecycle mapping for MavenProject: com.manorama:smart-news:0.0.1-SNAPSHOT @ G:\ManoramaHack\server-framework\smart-news\pom.xml.
2016-11-11 19:45:56,990 [Worker-34] INFO  o.e.m.j.i.AbstractJavaProjectConfigurator - Adding resource folder /smart-news/src/main/resources
2016-11-11 19:45:57,007 [Worker-34] INFO  o.e.m.j.i.AbstractJavaProjectConfigurator - Adding source folder /smart-news/src/test/java
2016-11-11 19:45:57,007 [Worker-34] INFO  o.e.m.j.i.AbstractJavaProjectConfigurator - Adding resource folder /smart-news/src/test/resources
2016-11-11 19:46:03,535 [Worker-37] INFO  o.e.m.c.i.l.LifecycleMappingFactory - Using org.eclipse.m2e.jdt.JarLifecycleMapping lifecycle mapping for MavenProject: com.manorama:smart-news:0.0.1-SNAPSHOT @ G:\ManoramaHack\server-framework\smart-news\pom.xml.
2016-11-11 19:46:03,616 [Worker-37] WARN  o.e.m.c.i.embedder.EclipseLogger - Using platform encoding (Cp1252 actually) to copy filtered resources, i.e. build is platform dependent!
2016-11-11 19:46:03,633 [Worker-37] INFO  o.e.m.c.i.embedder.EclipseLogger - Copying 0 resource
2016-11-11 19:46:03,635 [Worker-37] WARN  o.e.m.c.i.embedder.EclipseLogger - Using platform encoding (Cp1252 actually) to copy filtered resources, i.e. build is platform dependent!
2016-11-11 19:46:03,636 [Worker-37] INFO  o.e.m.c.i.embedder.EclipseLogger - Copying 0 resource
2016-11-11 20:24:42,940 [Worker-47] INFO  o.e.m.c.i.e.AbstractTransferListenerAdapter - Downloading http://repo.maven.apache.org/maven2/org/springframework/boot/spring-boot-maven-plugin/maven-metadata.xml
2016-11-11 20:24:43,336 [Worker-47] INFO  o.e.m.c.i.e.AbstractTransferListenerAdapter - Downloaded http://repo.maven.apache.org/maven2/org/springframework/boot/spring-boot-maven-plugin/maven-metadata.xml
2016-11-11 20:24:43,556 [Worker-47] INFO  o.e.m.c.i.e.AbstractTransferListenerAdapter - Downloading http://repo.maven.apache.org/maven2/org/springframework/boot/spring-boot-maven-plugin/1.4.2.RELEASE/spring-boot-maven-plugin-1.4.2.RELEASE.pom
2016-11-11 20:24:43,933 [Worker-47] INFO  o.e.m.c.i.e.AbstractTransferListenerAdapter - Downloaded http://repo.maven.apache.org/maven2/org/springframework/boot/spring-boot-maven-plugin/1.4.2.RELEASE/spring-boot-maven-plugin-1.4.2.RELEASE.pom
2016-11-11 20:24:44,153 [Worker-47] INFO  o.e.m.c.i.e.AbstractTransferListenerAdapter - Downloading http://repo.maven.apache.org/maven2/org/springframework/boot/spring-boot-tools/1.4.2.RELEASE/spring-boot-tools-1.4.2.RELEASE.pom
2016-11-11 20:24:44,523 [Worker-47] INFO  o.e.m.c.i.e.AbstractTransferListenerAdapter - Downloaded http://repo.maven.apache.org/maven2/org/springframework/boot/spring-boot-tools/1.4.2.RELEASE/spring-boot-tools-1.4.2.RELEASE.pom
2016-11-11 20:24:44,941 [Worker-47] INFO  o.e.m.c.i.e.AbstractTransferListenerAdapter - Downloading http://repo.maven.apache.org/maven2/org/springframework/boot/spring-boot-parent/1.4.2.RELEASE/spring-boot-parent-1.4.2.RELEASE.pom
2016-11-11 20:24:45,317 [Worker-47] INFO  o.e.m.c.i.e.AbstractTransferListenerAdapter - Downloaded http://repo.maven.apache.org/maven2/org/springframework/boot/spring-boot-parent/1.4.2.RELEASE/spring-boot-parent-1.4.2.RELEASE.pom
2016-11-11 20:24:45,838 [Worker-47] INFO  o.e.m.c.i.e.AbstractTransferListenerAdapter - Downloading http://repo.maven.apache.org/maven2/org/springframework/boot/spring-boot-dependencies/1.4.2.RELEASE/spring-boot-dependencies-1.4.2.RELEASE.pom
2016-11-11 20:24:46,220 [Worker-47] INFO  o.e.m.c.i.e.AbstractTransferListenerAdapter - Downloaded http://repo.maven.apache.org/maven2/org/springframework/boot/spring-boot-dependencies/1.4.2.RELEASE/spring-boot-dependencies-1.4.2.RELEASE.pom
2016-11-11 20:24:46,450 [Worker-47] INFO  o.e.m.c.i.e.AbstractTransferListenerAdapter - Downloading http://repo.maven.apache.org/maven2/org/springframework/spring-framework-bom/4.3.4.RELEASE/spring-framework-bom-4.3.4.RELEASE.pom
2016-11-11 20:24:46,836 [Worker-47] INFO  o.e.m.c.i.e.AbstractTransferListenerAdapter - Downloaded http://repo.maven.apache.org/maven2/org/springframework/spring-framework-bom/4.3.4.RELEASE/spring-framework-bom-4.3.4.RELEASE.pom
2016-11-11 20:24:47,057 [Worker-47] INFO  o.e.m.c.i.e.AbstractTransferListenerAdapter - Downloading http://repo.maven.apache.org/maven2/org/springframework/data/spring-data-releasetrain/Hopper-SR5/spring-data-releasetrain-Hopper-SR5.pom
2016-11-11 20:24:47,404 [Worker-47] INFO  o.e.m.c.i.e.AbstractTransferListenerAdapter - Downloaded http://repo.maven.apache.org/maven2/org/springframework/data/spring-data-releasetrain/Hopper-SR5/spring-data-releasetrain-Hopper-SR5.pom
2016-11-11 20:24:47,610 [Worker-47] INFO  o.e.m.c.i.e.AbstractTransferListenerAdapter - Downloading http://repo.maven.apache.org/maven2/org/springframework/data/build/spring-data-build/1.8.5.RELEASE/spring-data-build-1.8.5.RELEASE.pom
2016-11-11 20:24:47,985 [Worker-47] INFO  o.e.m.c.i.e.AbstractTransferListenerAdapter - Downloaded http://repo.maven.apache.org/maven2/org/springframework/data/build/spring-data-build/1.8.5.RELEASE/spring-data-build-1.8.5.RELEASE.pom
2016-11-11 20:24:48,438 [Worker-47] INFO  o.e.m.c.i.e.AbstractTransferListenerAdapter - Downloading http://repo.maven.apache.org/maven2/org/springframework/integration/spring-integration-bom/4.3.5.RELEASE/spring-integration-bom-4.3.5.RELEASE.pom
2016-11-11 20:24:48,824 [Worker-47] INFO  o.e.m.c.i.e.AbstractTransferListenerAdapter - Downloaded http://repo.maven.apache.org/maven2/org/springframework/integration/spring-integration-bom/4.3.5.RELEASE/spring-integration-bom-4.3.5.RELEASE.pom
2016-11-11 20:24:49,058 [Worker-47] INFO  o.e.m.c.i.e.AbstractTransferListenerAdapter - Downloading http://repo.maven.apache.org/maven2/org/springframework/security/spring-security-bom/4.1.3.RELEASE/spring-security-bom-4.1.3.RELEASE.pom
2016-11-11 20:24:49,454 [Worker-47] INFO  o.e.m.c.i.e.AbstractTransferListenerAdapter - Downloaded http://repo.maven.apache.org/maven2/org/springframework/security/spring-security-bom/4.1.3.RELEASE/spring-security-bom-4.1.3.RELEASE.pom
2016-11-11 20:24:50,066 [Worker-47] INFO  o.e.m.c.i.e.AbstractTransferListenerAdapter - Downloading http://repo.maven.apache.org/maven2/org/springframework/boot/spring-boot-maven-plugin/1.4.2.RELEASE/spring-boot-maven-plugin-1.4.2.RELEASE.jar
2016-11-11 20:24:50,433 [Worker-47] INFO  o.e.m.c.i.e.AbstractTransferListenerAdapter - Downloaded http://repo.maven.apache.org/maven2/org/springframework/boot/spring-boot-maven-plugin/1.4.2.RELEASE/spring-boot-maven-plugin-1.4.2.RELEASE.jar
2016-11-11 20:24:50,751 [Worker-47] INFO  o.e.m.c.i.l.LifecycleMappingFactory - Using org.eclipse.m2e.jdt.JarLifecycleMapping lifecycle mapping for MavenProject: com.manorama:smart-news:0.0.1-SNAPSHOT @ G:\ManoramaHack\server-framework\smart-news\pom.xml.
2016-11-11 20:25:22,299 [Worker-52] INFO  o.e.m.c.i.l.LifecycleMappingFactory - Using org.eclipse.m2e.jdt.JarLifecycleMapping lifecycle mapping for MavenProject: com.manorama:smart-news:0.0.1-SNAPSHOT @ G:\ManoramaHack\server-framework\smart-news\pom.xml.
2016-11-11 20:26:21,307 [Worker-53] INFO  o.e.m.c.i.l.LifecycleMappingFactory - Using org.eclipse.m2e.jdt.JarLifecycleMapping lifecycle mapping for MavenProject: com.manorama:smart-news:0.0.1-SNAPSHOT @ G:\ManoramaHack\server-framework\smart-news\pom.xml.
2016-11-11 20:26:22,064 [Worker-53] INFO  o.e.m.c.i.embedder.EclipseLogger - Using 'UTF-8' encoding to copy filtered resources.
2016-11-11 20:26:22,065 [Worker-53] INFO  o.e.m.c.i.embedder.EclipseLogger - Copying 0 resource
2016-11-11 20:26:22,065 [Worker-53] INFO  o.e.m.c.i.embedder.EclipseLogger - Copying 0 resource
2016-11-11 20:26:22,067 [Worker-53] INFO  o.e.m.c.i.embedder.EclipseLogger - Using 'UTF-8' encoding to copy filtered resources.
2016-11-11 20:26:22,067 [Worker-53] INFO  o.e.m.c.i.embedder.EclipseLogger - Copying 0 resource
2016-11-11 20:27:12,413 [Worker-50] INFO  o.e.m.c.i.l.LifecycleMappingFactory - Using org.eclipse.m2e.jdt.JarLifecycleMapping lifecycle mapping for MavenProject: com.manorama:smart-news:0.0.1-SNAPSHOT @ G:\ManoramaHack\server-framework\smart-news\pom.xml.
2016-11-11 20:27:13,096 [Worker-50] INFO  o.e.m.c.i.embedder.EclipseLogger - Using 'UTF-8' encoding to copy filtered resources.
2016-11-11 20:27:13,097 [Worker-50] INFO  o.e.m.c.i.embedder.EclipseLogger - Copying 0 resource
2016-11-11 20:27:13,097 [Worker-50] INFO  o.e.m.c.i.embedder.EclipseLogger - Copying 0 resource
2016-11-11 20:27:13,099 [Worker-50] INFO  o.e.m.c.i.embedder.EclipseLogger - Using 'UTF-8' encoding to copy filtered resources.
2016-11-11 20:27:13,099 [Worker-50] INFO  o.e.m.c.i.embedder.EclipseLogger - Copying 0 resource
2016-11-11 22:35:53,192 [Worker-59] INFO  o.e.m.c.i.embedder.EclipseLogger - Using 'UTF-8' encoding to copy filtered resources.
2016-11-11 22:35:53,194 [Worker-59] INFO  o.e.m.c.i.embedder.EclipseLogger - Copying 0 resource
2016-11-11 22:35:53,195 [Worker-59] INFO  o.e.m.c.i.embedder.EclipseLogger - Copying 0 resource
2016-11-11 22:35:53,197 [Worker-59] INFO  o.e.m.c.i.embedder.EclipseLogger - Using 'UTF-8' encoding to copy filtered resources.
2016-11-11 22:35:53,197 [Worker-59] INFO  o.e.m.c.i.embedder.EclipseLogger - Copying 0 resource
2016-11-11 22:36:06,265 [Worker-62] INFO  o.e.m.c.i.embedder.EclipseLogger - Using 'UTF-8' encoding to copy filtered resources.
2016-11-11 22:36:06,266 [Worker-62] INFO  o.e.m.c.i.embedder.EclipseLogger - Copying 0 resource
2016-11-11 22:36:06,266 [Worker-62] INFO  o.e.m.c.i.embedder.EclipseLogger - Copying 0 resource
2016-11-11 22:36:06,268 [Worker-62] INFO  o.e.m.c.i.embedder.EclipseLogger - Using 'UTF-8' encoding to copy filtered resources.
2016-11-11 22:36:06,268 [Worker-62] INFO  o.e.m.c.i.embedder.EclipseLogger - Copying 0 resource
2016-11-11 22:36:16,452 [Worker-59] INFO  o.e.m.c.i.embedder.EclipseLogger - Using 'UTF-8' encoding to copy filtered resources.
2016-11-11 22:36:16,453 [Worker-59] INFO  o.e.m.c.i.embedder.EclipseLogger - Copying 0 resource
2016-11-11 22:36:16,453 [Worker-59] INFO  o.e.m.c.i.embedder.EclipseLogger - Copying 0 resource
2016-11-11 22:36:16,454 [Worker-59] INFO  o.e.m.c.i.embedder.EclipseLogger - Using 'UTF-8' encoding to copy filtered resources.
2016-11-11 22:36:16,455 [Worker-59] INFO  o.e.m.c.i.embedder.EclipseLogger - Copying 0 resource
2016-11-11 22:36:29,042 [Worker-63] INFO  o.e.m.c.i.embedder.EclipseLogger - Using 'UTF-8' encoding to copy filtered resources.
2016-11-11 22:36:29,043 [Worker-63] INFO  o.e.m.c.i.embedder.EclipseLogger - Copying 0 resource
2016-11-11 22:36:29,043 [Worker-63] INFO  o.e.m.c.i.embedder.EclipseLogger - Copying 0 resource
2016-11-11 22:36:29,045 [Worker-63] INFO  o.e.m.c.i.embedder.EclipseLogger - Using 'UTF-8' encoding to copy filtered resources.
2016-11-11 22:36:29,045 [Worker-63] INFO  o.e.m.c.i.embedder.EclipseLogger - Copying 0 resource
2016-11-11 22:36:37,125 [Worker-63] INFO  o.e.m.c.i.embedder.EclipseLogger - Using 'UTF-8' encoding to copy filtered resources.
2016-11-11 22:36:37,125 [Worker-63] INFO  o.e.m.c.i.embedder.EclipseLogger - Copying 0 resource
2016-11-11 22:36:37,126 [Worker-63] INFO  o.e.m.c.i.embedder.EclipseLogger - Copying 0 resource
2016-11-11 22:36:37,127 [Worker-63] INFO  o.e.m.c.i.embedder.EclipseLogger - Using 'UTF-8' encoding to copy filtered resources.
2016-11-11 22:36:37,127 [Worker-63] INFO  o.e.m.c.i.embedder.EclipseLogger - Copying 0 resource
2016-11-11 22:38:44,936 [Worker-62] INFO  o.e.m.c.i.embedder.EclipseLogger - Using 'UTF-8' encoding to copy filtered resources.
2016-11-11 22:38:44,937 [Worker-62] INFO  o.e.m.c.i.embedder.EclipseLogger - Copying 0 resource
2016-11-11 22:38:44,938 [Worker-62] INFO  o.e.m.c.i.embedder.EclipseLogger - Copying 0 resource
2016-11-11 22:38:44,940 [Worker-62] INFO  o.e.m.c.i.embedder.EclipseLogger - Using 'UTF-8' encoding to copy filtered resources.
2016-11-11 22:38:44,941 [Worker-62] INFO  o.e.m.c.i.embedder.EclipseLogger - Copying 0 resource
2016-11-11 22:55:33,093 [Worker-70] INFO  o.e.m.c.i.embedder.EclipseLogger - Using 'UTF-8' encoding to copy filtered resources.
2016-11-11 22:55:33,094 [Worker-70] INFO  o.e.m.c.i.embedder.EclipseLogger - Copying 0 resource
2016-11-11 22:55:33,094 [Worker-70] INFO  o.e.m.c.i.embedder.EclipseLogger - Copying 0 resource
2016-11-11 22:55:33,097 [Worker-70] INFO  o.e.m.c.i.embedder.EclipseLogger - Using 'UTF-8' encoding to copy filtered resources.
2016-11-11 22:55:33,097 [Worker-70] INFO  o.e.m.c.i.embedder.EclipseLogger - Copying 0 resource
2016-11-11 22:56:30,365 [Worker-71] INFO  o.e.m.c.i.embedder.EclipseLogger - Using 'UTF-8' encoding to copy filtered resources.
2016-11-11 22:56:30,365 [Worker-71] INFO  o.e.m.c.i.embedder.EclipseLogger - Copying 0 resource
2016-11-11 22:56:30,366 [Worker-71] INFO  o.e.m.c.i.embedder.EclipseLogger - Copying 0 resource
2016-11-11 22:56:30,368 [Worker-71] INFO  o.e.m.c.i.embedder.EclipseLogger - Using 'UTF-8' encoding to copy filtered resources.
2016-11-11 22:56:30,368 [Worker-71] INFO  o.e.m.c.i.embedder.EclipseLogger - Copying 0 resource
2016-11-11 22:56:40,955 [Worker-59] INFO  o.e.m.c.i.embedder.EclipseLogger - Using 'UTF-8' encoding to copy filtered resources.
2016-11-11 22:56:40,955 [Worker-59] INFO  o.e.m.c.i.embedder.EclipseLogger - Copying 0 resource
2016-11-11 22:56:40,956 [Worker-59] INFO  o.e.m.c.i.embedder.EclipseLogger - Copying 0 resource
2016-11-11 22:56:40,960 [Worker-59] INFO  o.e.m.c.i.embedder.EclipseLogger - Using 'UTF-8' encoding to copy filtered resources.
2016-11-11 22:56:40,961 [Worker-59] INFO  o.e.m.c.i.embedder.EclipseLogger - Copying 0 resource
2016-11-11 22:57:44,853 [Worker-61] INFO  o.e.m.c.i.embedder.EclipseLogger - Using 'UTF-8' encoding to copy filtered resources.
2016-11-11 22:57:44,853 [Worker-61] INFO  o.e.m.c.i.embedder.EclipseLogger - Copying 0 resource
2016-11-11 22:57:44,854 [Worker-61] INFO  o.e.m.c.i.embedder.EclipseLogger - Copying 0 resource
2016-11-11 22:57:44,858 [Worker-61] INFO  o.e.m.c.i.embedder.EclipseLogger - Using 'UTF-8' encoding to copy filtered resources.
2016-11-11 22:57:44,858 [Worker-61] INFO  o.e.m.c.i.embedder.EclipseLogger - Copying 0 resource
2016-11-11 22:58:36,887 [Worker-69] INFO  o.e.m.c.i.embedder.EclipseLogger - Using 'UTF-8' encoding to copy filtered resources.
2016-11-11 22:58:36,888 [Worker-69] INFO  o.e.m.c.i.embedder.EclipseLogger - Copying 0 resource
2016-11-11 22:58:36,888 [Worker-69] INFO  o.e.m.c.i.embedder.EclipseLogger - Copying 0 resource
2016-11-11 22:58:36,889 [Worker-69] INFO  o.e.m.c.i.embedder.EclipseLogger - Using 'UTF-8' encoding to copy filtered resources.
2016-11-11 22:58:36,889 [Worker-69] INFO  o.e.m.c.i.embedder.EclipseLogger - Copying 0 resource
2016-11-11 22:59:28,425 [Worker-70] INFO  o.e.m.c.i.embedder.EclipseLogger - Using 'UTF-8' encoding to copy filtered resources.
2016-11-11 22:59:28,425 [Worker-70] INFO  o.e.m.c.i.embedder.EclipseLogger - Copying 0 resource
2016-11-11 22:59:28,426 [Worker-70] INFO  o.e.m.c.i.embedder.EclipseLogger - Copying 0 resource
2016-11-11 22:59:28,428 [Worker-70] INFO  o.e.m.c.i.embedder.EclipseLogger - Using 'UTF-8' encoding to copy filtered resources.
2016-11-11 22:59:28,428 [Worker-70] INFO  o.e.m.c.i.embedder.EclipseLogger - Copying 0 resource
2016-11-11 23:00:14,316 [Worker-69] INFO  o.e.m.c.i.embedder.EclipseLogger - Using 'UTF-8' encoding to copy filtered resources.
2016-11-11 23:00:14,317 [Worker-69] INFO  o.e.m.c.i.embedder.EclipseLogger - Copying 0 resource
2016-11-11 23:00:14,317 [Worker-69] INFO  o.e.m.c.i.embedder.EclipseLogger - Copying 0 resource
2016-11-11 23:00:14,319 [Worker-69] INFO  o.e.m.c.i.embedder.EclipseLogger - Using 'UTF-8' encoding to copy filtered resources.
2016-11-11 23:00:14,319 [Worker-69] INFO  o.e.m.c.i.embedder.EclipseLogger - Copying 0 resource
2016-11-11 23:00:16,457 [Worker-61] INFO  o.e.m.c.i.embedder.EclipseLogger - Using 'UTF-8' encoding to copy filtered resources.
2016-11-11 23:00:16,457 [Worker-61] INFO  o.e.m.c.i.embedder.EclipseLogger - Copying 0 resource
2016-11-11 23:00:16,457 [Worker-61] INFO  o.e.m.c.i.embedder.EclipseLogger - Copying 0 resource
2016-11-11 23:00:16,460 [Worker-61] INFO  o.e.m.c.i.embedder.EclipseLogger - Using 'UTF-8' encoding to copy filtered resources.
2016-11-11 23:00:16,460 [Worker-61] INFO  o.e.m.c.i.embedder.EclipseLogger - Copying 0 resource
2016-11-11 23:01:40,742 [Worker-61] INFO  o.e.m.c.i.embedder.EclipseLogger - Using 'UTF-8' encoding to copy filtered resources.
2016-11-11 23:01:40,742 [Worker-61] INFO  o.e.m.c.i.embedder.EclipseLogger - Copying 0 resource
2016-11-11 23:01:40,743 [Worker-61] INFO  o.e.m.c.i.embedder.EclipseLogger - Copying 0 resource
2016-11-11 23:01:40,746 [Worker-61] INFO  o.e.m.c.i.embedder.EclipseLogger - Using 'UTF-8' encoding to copy filtered resources.
2016-11-11 23:01:40,747 [Worker-61] INFO  o.e.m.c.i.embedder.EclipseLogger - Copying 0 resource
2016-11-11 23:02:23,067 [Worker-59] INFO  o.e.m.c.i.embedder.EclipseLogger - Using 'UTF-8' encoding to copy filtered resources.
2016-11-11 23:02:23,068 [Worker-59] INFO  o.e.m.c.i.embedder.EclipseLogger - Copying 0 resource
2016-11-11 23:02:23,068 [Worker-59] INFO  o.e.m.c.i.embedder.EclipseLogger - Copying 0 resource
2016-11-11 23:02:23,069 [Worker-59] INFO  o.e.m.c.i.embedder.EclipseLogger - Using 'UTF-8' encoding to copy filtered resources.
2016-11-11 23:02:23,070 [Worker-59] INFO  o.e.m.c.i.embedder.EclipseLogger - Copying 0 resource
2016-11-11 23:02:45,668 [Worker-61] INFO  o.e.m.c.i.embedder.EclipseLogger - Using 'UTF-8' encoding to copy filtered resources.
2016-11-11 23:02:45,669 [Worker-61] INFO  o.e.m.c.i.embedder.EclipseLogger - Copying 0 resource
2016-11-11 23:02:45,670 [Worker-61] INFO  o.e.m.c.i.embedder.EclipseLogger - Copying 0 resource
2016-11-11 23:02:45,672 [Worker-61] INFO  o.e.m.c.i.embedder.EclipseLogger - Using 'UTF-8' encoding to copy filtered resources.
2016-11-11 23:02:45,672 [Worker-61] INFO  o.e.m.c.i.embedder.EclipseLogger - Copying 0 resource
2016-11-11 23:03:57,370 [Worker-72] INFO  o.e.m.c.i.embedder.EclipseLogger - Using 'UTF-8' encoding to copy filtered resources.
2016-11-11 23:03:57,370 [Worker-72] INFO  o.e.m.c.i.embedder.EclipseLogger - Copying 0 resource
2016-11-11 23:03:57,371 [Worker-72] INFO  o.e.m.c.i.embedder.EclipseLogger - Copying 0 resource
2016-11-11 23:03:57,372 [Worker-72] INFO  o.e.m.c.i.embedder.EclipseLogger - Using 'UTF-8' encoding to copy filtered resources.
2016-11-11 23:03:57,372 [Worker-72] INFO  o.e.m.c.i.embedder.EclipseLogger - Copying 0 resource
2016-11-11 23:05:54,738 [Worker-76] INFO  o.e.m.c.i.embedder.EclipseLogger - Using 'UTF-8' encoding to copy filtered resources.
2016-11-11 23:05:54,738 [Worker-76] INFO  o.e.m.c.i.embedder.EclipseLogger - Copying 0 resource
2016-11-11 23:05:54,738 [Worker-76] INFO  o.e.m.c.i.embedder.EclipseLogger - Copying 0 resource
2016-11-11 23:05:54,740 [Worker-76] INFO  o.e.m.c.i.embedder.EclipseLogger - Using 'UTF-8' encoding to copy filtered resources.
2016-11-11 23:05:54,740 [Worker-76] INFO  o.e.m.c.i.embedder.EclipseLogger - Copying 0 resource
2016-11-11 23:06:47,208 [Worker-75] INFO  o.e.m.c.i.embedder.EclipseLogger - Using 'UTF-8' encoding to copy filtered resources.
2016-11-11 23:06:47,209 [Worker-75] INFO  o.e.m.c.i.embedder.EclipseLogger - Copying 0 resource
2016-11-11 23:06:47,209 [Worker-75] INFO  o.e.m.c.i.embedder.EclipseLogger - Copying 0 resource
2016-11-11 23:06:47,210 [Worker-75] INFO  o.e.m.c.i.embedder.EclipseLogger - Using 'UTF-8' encoding to copy filtered resources.
2016-11-11 23:06:47,210 [Worker-75] INFO  o.e.m.c.i.embedder.EclipseLogger - Copying 0 resource
2016-11-11 23:07:05,176 [Worker-61] INFO  o.e.m.c.i.embedder.EclipseLogger - Using 'UTF-8' encoding to copy filtered resources.
2016-11-11 23:07:05,177 [Worker-61] INFO  o.e.m.c.i.embedder.EclipseLogger - Copying 0 resource
2016-11-11 23:07:05,177 [Worker-61] INFO  o.e.m.c.i.embedder.EclipseLogger - Copying 0 resource
2016-11-11 23:07:05,179 [Worker-61] INFO  o.e.m.c.i.embedder.EclipseLogger - Using 'UTF-8' encoding to copy filtered resources.
2016-11-11 23:07:05,179 [Worker-61] INFO  o.e.m.c.i.embedder.EclipseLogger - Copying 0 resource
2016-11-11 23:07:27,624 [Worker-76] INFO  o.e.m.c.i.embedder.EclipseLogger - Using 'UTF-8' encoding to copy filtered resources.
2016-11-11 23:07:27,624 [Worker-76] INFO  o.e.m.c.i.embedder.EclipseLogger - Copying 0 resource
2016-11-11 23:07:27,624 [Worker-76] INFO  o.e.m.c.i.embedder.EclipseLogger - Copying 0 resource
2016-11-11 23:07:27,626 [Worker-76] INFO  o.e.m.c.i.embedder.EclipseLogger - Using 'UTF-8' encoding to copy filtered resources.
2016-11-11 23:07:27,627 [Worker-76] INFO  o.e.m.c.i.embedder.EclipseLogger - Copying 0 resource
2016-11-11 23:07:38,556 [Worker-61] INFO  o.e.m.c.i.embedder.EclipseLogger - Using 'UTF-8' encoding to copy filtered resources.
2016-11-11 23:07:38,557 [Worker-61] INFO  o.e.m.c.i.embedder.EclipseLogger - Copying 0 resource
2016-11-11 23:07:38,557 [Worker-61] INFO  o.e.m.c.i.embedder.EclipseLogger - Copying 0 resource
2016-11-11 23:07:38,560 [Worker-61] INFO  o.e.m.c.i.embedder.EclipseLogger - Using 'UTF-8' encoding to copy filtered resources.
2016-11-11 23:07:38,560 [Worker-61] INFO  o.e.m.c.i.embedder.EclipseLogger - Copying 0 resource
2016-11-11 23:07:51,801 [Worker-68] INFO  o.e.m.c.i.embedder.EclipseLogger - Using 'UTF-8' encoding to copy filtered resources.
2016-11-11 23:07:51,801 [Worker-68] INFO  o.e.m.c.i.embedder.EclipseLogger - Copying 0 resource
2016-11-11 23:07:51,801 [Worker-68] INFO  o.e.m.c.i.embedder.EclipseLogger - Copying 0 resource
2016-11-11 23:07:51,803 [Worker-68] INFO  o.e.m.c.i.embedder.EclipseLogger - Using 'UTF-8' encoding to copy filtered resources.
2016-11-11 23:07:51,803 [Worker-68] INFO  o.e.m.c.i.embedder.EclipseLogger - Copying 0 resource
2016-11-11 23:08:04,340 [Worker-59] INFO  o.e.m.c.i.embedder.EclipseLogger - Using 'UTF-8' encoding to copy filtered resources.
2016-11-11 23:08:04,340 [Worker-59] INFO  o.e.m.c.i.embedder.EclipseLogger - Copying 0 resource
2016-11-11 23:08:04,340 [Worker-59] INFO  o.e.m.c.i.embedder.EclipseLogger - Copying 0 resource
2016-11-11 23:08:04,342 [Worker-59] INFO  o.e.m.c.i.embedder.EclipseLogger - Using 'UTF-8' encoding to copy filtered resources.
2016-11-11 23:08:04,342 [Worker-59] INFO  o.e.m.c.i.embedder.EclipseLogger - Copying 0 resource
2016-11-11 23:08:35,322 [Worker-61] INFO  o.e.m.c.i.embedder.EclipseLogger - Using 'UTF-8' encoding to copy filtered resources.
2016-11-11 23:08:35,323 [Worker-61] INFO  o.e.m.c.i.embedder.EclipseLogger - Copying 0 resource
2016-11-11 23:08:35,323 [Worker-61] INFO  o.e.m.c.i.embedder.EclipseLogger - Copying 0 resource
2016-11-11 23:08:35,324 [Worker-61] INFO  o.e.m.c.i.embedder.EclipseLogger - Using 'UTF-8' encoding to copy filtered resources.
2016-11-11 23:08:35,324 [Worker-61] INFO  o.e.m.c.i.embedder.EclipseLogger - Copying 0 resource
2016-11-11 23:09:05,846 [Worker-68] INFO  o.e.m.c.i.embedder.EclipseLogger - Using 'UTF-8' encoding to copy filtered resources.
2016-11-11 23:09:05,847 [Worker-68] INFO  o.e.m.c.i.embedder.EclipseLogger - Copying 0 resource
2016-11-11 23:09:05,847 [Worker-68] INFO  o.e.m.c.i.embedder.EclipseLogger - Copying 0 resource
2016-11-11 23:09:05,849 [Worker-68] INFO  o.e.m.c.i.embedder.EclipseLogger - Using 'UTF-8' encoding to copy filtered resources.
2016-11-11 23:09:05,849 [Worker-68] INFO  o.e.m.c.i.embedder.EclipseLogger - Copying 0 resource
2016-11-11 23:09:13,447 [Worker-75] INFO  o.e.m.c.i.e.AbstractTransferListenerAdapter - Downloading http://repo.maven.apache.org/maven2/org/springframework/data/spring-data-mongodb/1.8.4.RELEASE/spring-data-mongodb-1.8.4.RELEASE-sources.jar
2016-11-11 23:09:15,844 [Worker-75] INFO  o.e.m.c.i.e.AbstractTransferListenerAdapter - Downloaded http://repo.maven.apache.org/maven2/org/springframework/data/spring-data-mongodb/1.8.4.RELEASE/spring-data-mongodb-1.8.4.RELEASE-sources.jar
2016-11-11 23:09:16,050 [Worker-75] INFO  o.e.m.j.internal.DownloadSourcesJob - Downloaded sources for org.springframework.data:spring-data-mongodb:1.8.4.RELEASE
2016-11-11 23:09:16,372 [Worker-73] INFO  o.e.m.c.i.embedder.EclipseLogger - Using 'UTF-8' encoding to copy filtered resources.
2016-11-11 23:09:16,372 [Worker-73] INFO  o.e.m.c.i.embedder.EclipseLogger - Copying 0 resource
2016-11-11 23:09:16,372 [Worker-73] INFO  o.e.m.c.i.embedder.EclipseLogger - Copying 0 resource
2016-11-11 23:09:16,374 [Worker-73] INFO  o.e.m.c.i.embedder.EclipseLogger - Using 'UTF-8' encoding to copy filtered resources.
2016-11-11 23:09:16,374 [Worker-73] INFO  o.e.m.c.i.embedder.EclipseLogger - Copying 0 resource
2016-11-11 23:09:32,701 [Worker-74] INFO  o.e.m.c.i.embedder.EclipseLogger - Using 'UTF-8' encoding to copy filtered resources.
2016-11-11 23:09:32,702 [Worker-74] INFO  o.e.m.c.i.embedder.EclipseLogger - Copying 0 resource
2016-11-11 23:09:32,702 [Worker-74] INFO  o.e.m.c.i.embedder.EclipseLogger - Copying 0 resource
2016-11-11 23:09:32,704 [Worker-74] INFO  o.e.m.c.i.embedder.EclipseLogger - Using 'UTF-8' encoding to copy filtered resources.
2016-11-11 23:09:32,704 [Worker-74] INFO  o.e.m.c.i.embedder.EclipseLogger - Copying 0 resource
2016-11-11 23:10:17,854 [Worker-61] INFO  o.e.m.c.i.embedder.EclipseLogger - Using 'UTF-8' encoding to copy filtered resources.
2016-11-11 23:10:17,855 [Worker-61] INFO  o.e.m.c.i.embedder.EclipseLogger - Copying 0 resource
2016-11-11 23:10:17,855 [Worker-61] INFO  o.e.m.c.i.embedder.EclipseLogger - Copying 0 resource
2016-11-11 23:10:17,857 [Worker-61] INFO  o.e.m.c.i.embedder.EclipseLogger - Using 'UTF-8' encoding to copy filtered resources.
2016-11-11 23:10:17,857 [Worker-61] INFO  o.e.m.c.i.embedder.EclipseLogger - Copying 0 resource
2016-11-11 23:10:52,872 [Worker-68] INFO  o.e.m.c.i.embedder.EclipseLogger - Using 'UTF-8' encoding to copy filtered resources.
2016-11-11 23:10:52,872 [Worker-68] INFO  o.e.m.c.i.embedder.EclipseLogger - Copying 0 resource
2016-11-11 23:10:52,873 [Worker-68] INFO  o.e.m.c.i.embedder.EclipseLogger - Copying 0 resource
2016-11-11 23:10:52,874 [Worker-68] INFO  o.e.m.c.i.embedder.EclipseLogger - Using 'UTF-8' encoding to copy filtered resources.
2016-11-11 23:10:52,874 [Worker-68] INFO  o.e.m.c.i.embedder.EclipseLogger - Copying 0 resource
2016-11-11 23:10:55,538 [Worker-61] INFO  o.e.m.c.i.embedder.EclipseLogger - Using 'UTF-8' encoding to copy filtered resources.
2016-11-11 23:10:55,538 [Worker-61] INFO  o.e.m.c.i.embedder.EclipseLogger - Copying 0 resource
2016-11-11 23:10:55,538 [Worker-61] INFO  o.e.m.c.i.embedder.EclipseLogger - Copying 0 resource
2016-11-11 23:10:55,539 [Worker-61] INFO  o.e.m.c.i.embedder.EclipseLogger - Using 'UTF-8' encoding to copy filtered resources.
2016-11-11 23:10:55,540 [Worker-61] INFO  o.e.m.c.i.embedder.EclipseLogger - Copying 0 resource
2016-11-11 23:11:29,612 [Worker-73] INFO  o.e.m.c.i.embedder.EclipseLogger - Using 'UTF-8' encoding to copy filtered resources.
2016-11-11 23:11:29,613 [Worker-73] INFO  o.e.m.c.i.embedder.EclipseLogger - Copying 0 resource
2016-11-11 23:11:29,613 [Worker-73] INFO  o.e.m.c.i.embedder.EclipseLogger - Copying 0 resource
2016-11-11 23:11:29,614 [Worker-73] INFO  o.e.m.c.i.embedder.EclipseLogger - Using 'UTF-8' encoding to copy filtered resources.
2016-11-11 23:11:29,614 [Worker-73] INFO  o.e.m.c.i.embedder.EclipseLogger - Copying 0 resource
2016-11-11 23:11:38,594 [Worker-68] INFO  o.e.m.c.i.embedder.EclipseLogger - Using 'UTF-8' encoding to copy filtered resources.
2016-11-11 23:11:38,595 [Worker-68] INFO  o.e.m.c.i.embedder.EclipseLogger - Copying 0 resource
2016-11-11 23:11:38,595 [Worker-68] INFO  o.e.m.c.i.embedder.EclipseLogger - Copying 0 resource
2016-11-11 23:11:38,599 [Worker-68] INFO  o.e.m.c.i.embedder.EclipseLogger - Using 'UTF-8' encoding to copy filtered resources.
2016-11-11 23:11:38,599 [Worker-68] INFO  o.e.m.c.i.embedder.EclipseLogger - Copying 0 resource
2016-11-11 23:14:40,354 [Worker-76] INFO  o.e.m.c.i.embedder.EclipseLogger - Using 'UTF-8' encoding to copy filtered resources.
2016-11-11 23:14:40,355 [Worker-76] INFO  o.e.m.c.i.embedder.EclipseLogger - Copying 0 resource
2016-11-11 23:14:40,355 [Worker-76] INFO  o.e.m.c.i.embedder.EclipseLogger - Copying 0 resource
2016-11-11 23:14:40,357 [Worker-76] INFO  o.e.m.c.i.embedder.EclipseLogger - Using 'UTF-8' encoding to copy filtered resources.
2016-11-11 23:14:40,357 [Worker-76] INFO  o.e.m.c.i.embedder.EclipseLogger - Copying 0 resource
2016-11-11 23:14:45,590 [Worker-77] INFO  o.e.m.c.i.embedder.EclipseLogger - Using 'UTF-8' encoding to copy filtered resources.
2016-11-11 23:14:45,592 [Worker-77] INFO  o.e.m.c.i.embedder.EclipseLogger - Copying 0 resource
2016-11-11 23:14:45,592 [Worker-77] INFO  o.e.m.c.i.embedder.EclipseLogger - Copying 1 resource
2016-11-11 23:14:45,637 [Worker-77] INFO  o.e.m.c.i.embedder.EclipseLogger - Using 'UTF-8' encoding to copy filtered resources.
2016-11-11 23:14:45,637 [Worker-77] INFO  o.e.m.c.i.embedder.EclipseLogger - Copying 0 resource
2016-11-11 23:15:06,124 [Worker-77] INFO  o.e.m.c.i.embedder.EclipseLogger - Using 'UTF-8' encoding to copy filtered resources.
2016-11-11 23:15:06,124 [Worker-77] INFO  o.e.m.c.i.embedder.EclipseLogger - Copying 0 resource
2016-11-11 23:15:06,124 [Worker-77] INFO  o.e.m.c.i.embedder.EclipseLogger - Copying 1 resource
2016-11-11 23:15:06,127 [Worker-77] INFO  o.e.m.c.i.embedder.EclipseLogger - Using 'UTF-8' encoding to copy filtered resources.
2016-11-11 23:15:06,128 [Worker-77] INFO  o.e.m.c.i.embedder.EclipseLogger - Copying 0 resource
2016-11-11 23:15:16,454 [Worker-81] INFO  o.e.m.c.i.embedder.EclipseLogger - Using 'UTF-8' encoding to copy filtered resources.
2016-11-11 23:15:16,455 [Worker-81] INFO  o.e.m.c.i.embedder.EclipseLogger - Copying 1 resource
2016-11-11 23:15:16,523 [Worker-81] INFO  o.e.m.c.i.embedder.EclipseLogger - Copying 0 resource
2016-11-11 23:15:16,530 [Worker-81] INFO  o.e.m.c.i.embedder.EclipseLogger - Using 'UTF-8' encoding to copy filtered resources.
2016-11-11 23:15:16,531 [Worker-81] INFO  o.e.m.c.i.embedder.EclipseLogger - Copying 0 resource
2016-11-11 23:15:32,397 [Worker-68] INFO  o.e.m.c.i.embedder.EclipseLogger - Using 'UTF-8' encoding to copy filtered resources.
2016-11-11 23:15:32,397 [Worker-68] INFO  o.e.m.c.i.embedder.EclipseLogger - Copying 1 resource
2016-11-11 23:15:32,398 [Worker-68] INFO  o.e.m.c.i.embedder.EclipseLogger - Copying 0 resource
2016-11-11 23:15:32,399 [Worker-68] INFO  o.e.m.c.i.embedder.EclipseLogger - Using 'UTF-8' encoding to copy filtered resources.
2016-11-11 23:15:32,400 [Worker-68] INFO  o.e.m.c.i.embedder.EclipseLogger - Copying 0 resource
2016-11-11 23:17:10,994 [Worker-77] INFO  o.e.m.c.i.embedder.EclipseLogger - Using 'UTF-8' encoding to copy filtered resources.
2016-11-11 23:17:10,995 [Worker-77] INFO  o.e.m.c.i.embedder.EclipseLogger - Copying 1 resource
2016-11-11 23:17:10,995 [Worker-77] INFO  o.e.m.c.i.embedder.EclipseLogger - Copying 0 resource
2016-11-11 23:17:10,997 [Worker-77] INFO  o.e.m.c.i.embedder.EclipseLogger - Using 'UTF-8' encoding to copy filtered resources.
2016-11-11 23:17:10,997 [Worker-77] INFO  o.e.m.c.i.embedder.EclipseLogger - Copying 0 resource
2016-11-11 23:30:31,972 [Worker-83] INFO  o.e.m.c.i.embedder.EclipseLogger - Using 'UTF-8' encoding to copy filtered resources.
2016-11-11 23:30:31,973 [Worker-83] INFO  o.e.m.c.i.embedder.EclipseLogger - Copying 1 resource
2016-11-11 23:30:31,974 [Worker-83] INFO  o.e.m.c.i.embedder.EclipseLogger - Copying 1 resource
2016-11-11 23:30:31,976 [Worker-83] INFO  o.e.m.c.i.embedder.EclipseLogger - Using 'UTF-8' encoding to copy filtered resources.
2016-11-11 23:30:31,976 [Worker-83] INFO  o.e.m.c.i.embedder.EclipseLogger - Copying 0 resource
2016-11-11 23:30:33,312 [Worker-83] INFO  o.e.m.c.i.l.LifecycleMappingFactory - Using org.eclipse.m2e.jdt.JarLifecycleMapping lifecycle mapping for MavenProject: com.manorama:smart-news:0.0.1-SNAPSHOT @ G:\ManoramaHack\server-framework\smart-news\pom.xml.
2016-11-11 23:30:34,279 [Worker-83] INFO  o.e.m.c.i.embedder.EclipseLogger - Using 'UTF-8' encoding to copy filtered resources.
2016-11-11 23:30:34,279 [Worker-83] INFO  o.e.m.c.i.embedder.EclipseLogger - Copying 1 resource
2016-11-11 23:30:34,281 [Worker-83] INFO  o.e.m.c.i.embedder.EclipseLogger - Copying 1 resource
2016-11-11 23:30:34,283 [Worker-83] INFO  o.e.m.c.i.embedder.EclipseLogger - Using 'UTF-8' encoding to copy filtered resources.
2016-11-11 23:30:34,284 [Worker-83] INFO  o.e.m.c.i.embedder.EclipseLogger - Copying 0 resource
2016-11-11 23:31:08,579 [Worker-90] INFO  o.e.m.c.i.embedder.EclipseLogger - Using 'UTF-8' encoding to copy filtered resources.
2016-11-11 23:31:08,580 [Worker-90] INFO  o.e.m.c.i.embedder.EclipseLogger - Copying 1 resource
2016-11-11 23:31:08,581 [Worker-90] INFO  o.e.m.c.i.embedder.EclipseLogger - Copying 1 resource
2016-11-11 23:31:08,583 [Worker-90] INFO  o.e.m.c.i.embedder.EclipseLogger - Using 'UTF-8' encoding to copy filtered resources.
2016-11-11 23:31:08,583 [Worker-90] INFO  o.e.m.c.i.embedder.EclipseLogger - Copying 0 resource
2016-11-11 23:32:42,414 [Worker-76] INFO  o.e.m.c.i.embedder.EclipseLogger - Using 'UTF-8' encoding to copy filtered resources.
2016-11-11 23:32:42,415 [Worker-76] INFO  o.e.m.c.i.embedder.EclipseLogger - Copying 1 resource
2016-11-11 23:32:42,441 [Worker-76] INFO  o.e.m.c.i.embedder.EclipseLogger - Copying 1 resource
2016-11-11 23:32:42,442 [Worker-76] INFO  o.e.m.c.i.embedder.EclipseLogger - Using 'UTF-8' encoding to copy filtered resources.
2016-11-11 23:32:42,443 [Worker-76] INFO  o.e.m.c.i.embedder.EclipseLogger - Copying 0 resource
2016-11-11 23:35:18,324 [Worker-88] INFO  o.e.m.c.i.embedder.EclipseLogger - Using 'UTF-8' encoding to copy filtered resources.
2016-11-11 23:35:18,324 [Worker-88] INFO  o.e.m.c.i.embedder.EclipseLogger - Copying 1 resource
2016-11-11 23:35:18,326 [Worker-88] INFO  o.e.m.c.i.embedder.EclipseLogger - Copying 1 resource
2016-11-11 23:35:18,329 [Worker-88] INFO  o.e.m.c.i.embedder.EclipseLogger - Using 'UTF-8' encoding to copy filtered resources.
2016-11-11 23:35:18,329 [Worker-88] INFO  o.e.m.c.i.embedder.EclipseLogger - Copying 0 resource
2016-11-11 23:35:30,227 [Worker-87] INFO  o.e.m.c.i.embedder.EclipseLogger - Using 'UTF-8' encoding to copy filtered resources.
2016-11-11 23:35:30,228 [Worker-87] INFO  o.e.m.c.i.embedder.EclipseLogger - Copying 1 resource
2016-11-11 23:35:30,229 [Worker-87] INFO  o.e.m.c.i.embedder.EclipseLogger - Copying 1 resource
2016-11-11 23:35:30,230 [Worker-87] INFO  o.e.m.c.i.embedder.EclipseLogger - Using 'UTF-8' encoding to copy filtered resources.
2016-11-11 23:35:30,231 [Worker-87] INFO  o.e.m.c.i.embedder.EclipseLogger - Copying 0 resource
2016-11-11 23:51:28,976 [Worker-100] INFO  o.e.m.c.i.embedder.EclipseLogger - Using 'UTF-8' encoding to copy filtered resources.
2016-11-11 23:51:28,978 [Worker-100] INFO  o.e.m.c.i.embedder.EclipseLogger - Copying 1 resource
2016-11-11 23:51:28,982 [Worker-100] INFO  o.e.m.c.i.embedder.EclipseLogger - Copying 1 resource
2016-11-11 23:51:28,984 [Worker-100] INFO  o.e.m.c.i.embedder.EclipseLogger - Using 'UTF-8' encoding to copy filtered resources.
2016-11-11 23:51:28,985 [Worker-100] INFO  o.e.m.c.i.embedder.EclipseLogger - Copying 0 resource
2016-11-11 23:51:43,510 [Worker-98] INFO  o.e.m.c.i.embedder.EclipseLogger - Using 'UTF-8' encoding to copy filtered resources.
2016-11-11 23:51:43,511 [Worker-98] INFO  o.e.m.c.i.embedder.EclipseLogger - Copying 1 resource
2016-11-11 23:51:43,513 [Worker-98] INFO  o.e.m.c.i.embedder.EclipseLogger - Copying 1 resource
2016-11-11 23:51:43,516 [Worker-98] INFO  o.e.m.c.i.embedder.EclipseLogger - Using 'UTF-8' encoding to copy filtered resources.
2016-11-11 23:51:43,516 [Worker-98] INFO  o.e.m.c.i.embedder.EclipseLogger - Copying 0 resource
2016-11-11 23:51:52,736 [Worker-98] INFO  o.e.m.c.i.embedder.EclipseLogger - Using 'UTF-8' encoding to copy filtered resources.
2016-11-11 23:51:52,737 [Worker-98] INFO  o.e.m.c.i.embedder.EclipseLogger - Copying 1 resource
2016-11-11 23:51:52,739 [Worker-98] INFO  o.e.m.c.i.embedder.EclipseLogger - Copying 1 resource
2016-11-11 23:51:52,742 [Worker-98] INFO  o.e.m.c.i.embedder.EclipseLogger - Using 'UTF-8' encoding to copy filtered resources.
2016-11-11 23:51:52,742 [Worker-98] INFO  o.e.m.c.i.embedder.EclipseLogger - Copying 0 resource
2016-11-11 23:52:00,139 [Worker-98] INFO  o.e.m.c.i.embedder.EclipseLogger - Using 'UTF-8' encoding to copy filtered resources.
2016-11-11 23:52:00,139 [Worker-98] INFO  o.e.m.c.i.embedder.EclipseLogger - Copying 1 resource
2016-11-11 23:52:00,141 [Worker-98] INFO  o.e.m.c.i.embedder.EclipseLogger - Copying 1 resource
2016-11-11 23:52:00,143 [Worker-98] INFO  o.e.m.c.i.embedder.EclipseLogger - Using 'UTF-8' encoding to copy filtered resources.
2016-11-11 23:52:00,144 [Worker-98] INFO  o.e.m.c.i.embedder.EclipseLogger - Copying 0 resource
2016-11-11 23:59:32,727 [Worker-102] INFO  o.e.m.c.i.embedder.EclipseLogger - Using 'UTF-8' encoding to copy filtered resources.
2016-11-11 23:59:32,728 [Worker-102] INFO  o.e.m.c.i.embedder.EclipseLogger - Copying 1 resource
2016-11-11 23:59:32,729 [Worker-102] INFO  o.e.m.c.i.embedder.EclipseLogger - Copying 1 resource
2016-11-11 23:59:32,731 [Worker-102] INFO  o.e.m.c.i.embedder.EclipseLogger - Using 'UTF-8' encoding to copy filtered resources.
2016-11-11 23:59:32,731 [Worker-102] INFO  o.e.m.c.i.embedder.EclipseLogger - Copying 0 resource
2016-11-12 00:00:05,973 [Worker-102] INFO  o.e.m.c.i.embedder.EclipseLogger - Using 'UTF-8' encoding to copy filtered resources.
2016-11-12 00:00:05,973 [Worker-102] INFO  o.e.m.c.i.embedder.EclipseLogger - Copying 1 resource
2016-11-12 00:00:05,975 [Worker-102] INFO  o.e.m.c.i.embedder.EclipseLogger - Copying 1 resource
2016-11-12 00:00:05,977 [Worker-102] INFO  o.e.m.c.i.embedder.EclipseLogger - Using 'UTF-8' encoding to copy filtered resources.
2016-11-12 00:00:05,977 [Worker-102] INFO  o.e.m.c.i.embedder.EclipseLogger - Copying 0 resource
2016-11-12 00:00:11,165 [Worker-100] INFO  o.e.m.c.i.embedder.EclipseLogger - Using 'UTF-8' encoding to copy filtered resources.
2016-11-12 00:00:11,165 [Worker-100] INFO  o.e.m.c.i.embedder.EclipseLogger - Copying 1 resource
2016-11-12 00:00:11,166 [Worker-100] INFO  o.e.m.c.i.embedder.EclipseLogger - Copying 1 resource
2016-11-12 00:00:11,167 [Worker-100] INFO  o.e.m.c.i.embedder.EclipseLogger - Using 'UTF-8' encoding to copy filtered resources.
2016-11-12 00:00:11,167 [Worker-100] INFO  o.e.m.c.i.embedder.EclipseLogger - Copying 0 resource
2016-11-12 00:28:26,454 [Worker-115] INFO  o.e.m.c.i.embedder.EclipseLogger - Using 'UTF-8' encoding to copy filtered resources.
2016-11-12 00:28:26,455 [Worker-115] INFO  o.e.m.c.i.embedder.EclipseLogger - Copying 1 resource
2016-11-12 00:28:26,457 [Worker-115] INFO  o.e.m.c.i.embedder.EclipseLogger - Copying 1 resource
2016-11-12 00:28:26,459 [Worker-115] INFO  o.e.m.c.i.embedder.EclipseLogger - Using 'UTF-8' encoding to copy filtered resources.
2016-11-12 00:28:26,459 [Worker-115] INFO  o.e.m.c.i.embedder.EclipseLogger - Copying 0 resource
2016-11-12 00:29:06,383 [Worker-114] INFO  o.e.m.c.i.embedder.EclipseLogger - Using 'UTF-8' encoding to copy filtered resources.
2016-11-12 00:29:06,384 [Worker-114] INFO  o.e.m.c.i.embedder.EclipseLogger - Copying 1 resource
2016-11-12 00:29:06,385 [Worker-114] INFO  o.e.m.c.i.embedder.EclipseLogger - Copying 1 resource
2016-11-12 00:29:06,387 [Worker-114] INFO  o.e.m.c.i.embedder.EclipseLogger - Using 'UTF-8' encoding to copy filtered resources.
2016-11-12 00:29:06,388 [Worker-114] INFO  o.e.m.c.i.embedder.EclipseLogger - Copying 0 resource
2016-11-12 00:29:29,448 [Worker-120] INFO  o.e.m.c.i.embedder.EclipseLogger - Using 'UTF-8' encoding to copy filtered resources.
2016-11-12 00:29:29,449 [Worker-120] INFO  o.e.m.c.i.embedder.EclipseLogger - Copying 1 resource
2016-11-12 00:29:29,450 [Worker-120] INFO  o.e.m.c.i.embedder.EclipseLogger - Copying 1 resource
2016-11-12 00:29:29,452 [Worker-120] INFO  o.e.m.c.i.embedder.EclipseLogger - Using 'UTF-8' encoding to copy filtered resources.
2016-11-12 00:29:29,452 [Worker-120] INFO  o.e.m.c.i.embedder.EclipseLogger - Copying 0 resource
2016-11-12 00:29:43,111 [Worker-114] INFO  o.e.m.c.i.embedder.EclipseLogger - Using 'UTF-8' encoding to copy filtered resources.
2016-11-12 00:29:43,111 [Worker-114] INFO  o.e.m.c.i.embedder.EclipseLogger - Copying 1 resource
2016-11-12 00:29:43,112 [Worker-114] INFO  o.e.m.c.i.embedder.EclipseLogger - Copying 1 resource
2016-11-12 00:29:43,113 [Worker-114] INFO  o.e.m.c.i.embedder.EclipseLogger - Using 'UTF-8' encoding to copy filtered resources.
2016-11-12 00:29:43,113 [Worker-114] INFO  o.e.m.c.i.embedder.EclipseLogger - Copying 0 resource
2016-11-12 00:32:56,720 [Worker-123] INFO  o.e.m.c.i.embedder.EclipseLogger - Using 'UTF-8' encoding to copy filtered resources.
2016-11-12 00:32:56,721 [Worker-123] INFO  o.e.m.c.i.embedder.EclipseLogger - Copying 1 resource
2016-11-12 00:32:56,722 [Worker-123] INFO  o.e.m.c.i.embedder.EclipseLogger - Copying 1 resource
2016-11-12 00:32:56,724 [Worker-123] INFO  o.e.m.c.i.embedder.EclipseLogger - Using 'UTF-8' encoding to copy filtered resources.
2016-11-12 00:32:56,724 [Worker-123] INFO  o.e.m.c.i.embedder.EclipseLogger - Copying 0 resource
2016-11-12 00:33:35,629 [Worker-126] INFO  o.e.m.c.i.embedder.EclipseLogger - Using 'UTF-8' encoding to copy filtered resources.
2016-11-12 00:33:35,629 [Worker-126] INFO  o.e.m.c.i.embedder.EclipseLogger - Copying 1 resource
2016-11-12 00:33:35,630 [Worker-126] INFO  o.e.m.c.i.embedder.EclipseLogger - Copying 1 resource
2016-11-12 00:33:35,631 [Worker-126] INFO  o.e.m.c.i.embedder.EclipseLogger - Using 'UTF-8' encoding to copy filtered resources.
2016-11-12 00:33:35,632 [Worker-126] INFO  o.e.m.c.i.embedder.EclipseLogger - Copying 0 resource
2016-11-12 00:34:48,360 [Worker-124] INFO  o.e.m.c.i.embedder.EclipseLogger - Using 'UTF-8' encoding to copy filtered resources.
2016-11-12 00:34:48,361 [Worker-124] INFO  o.e.m.c.i.embedder.EclipseLogger - Copying 1 resource
2016-11-12 00:34:48,362 [Worker-124] INFO  o.e.m.c.i.embedder.EclipseLogger - Copying 1 resource
2016-11-12 00:34:48,363 [Worker-124] INFO  o.e.m.c.i.embedder.EclipseLogger - Using 'UTF-8' encoding to copy filtered resources.
2016-11-12 00:34:48,364 [Worker-124] INFO  o.e.m.c.i.embedder.EclipseLogger - Copying 0 resource
2016-11-12 01:02:32,149 [Worker-135] INFO  o.e.m.c.i.embedder.EclipseLogger - Using 'UTF-8' encoding to copy filtered resources.
2016-11-12 01:02:32,150 [Worker-135] INFO  o.e.m.c.i.embedder.EclipseLogger - Copying 1 resource
2016-11-12 01:02:32,151 [Worker-135] INFO  o.e.m.c.i.embedder.EclipseLogger - Copying 1 resource
2016-11-12 01:02:32,153 [Worker-135] INFO  o.e.m.c.i.embedder.EclipseLogger - Using 'UTF-8' encoding to copy filtered resources.
2016-11-12 01:02:32,153 [Worker-135] INFO  o.e.m.c.i.embedder.EclipseLogger - Copying 0 resource
2016-11-12 01:09:09,114 [Worker-135] INFO  o.e.m.c.i.embedder.EclipseLogger - Using 'UTF-8' encoding to copy filtered resources.
2016-11-12 01:09:09,114 [Worker-135] INFO  o.e.m.c.i.embedder.EclipseLogger - Copying 1 resource
2016-11-12 01:09:09,115 [Worker-135] INFO  o.e.m.c.i.embedder.EclipseLogger - Copying 1 resource
2016-11-12 01:09:09,116 [Worker-135] INFO  o.e.m.c.i.embedder.EclipseLogger - Using 'UTF-8' encoding to copy filtered resources.
2016-11-12 01:09:09,116 [Worker-135] INFO  o.e.m.c.i.embedder.EclipseLogger - Copying 0 resource
2016-11-12 01:12:22,610 [Worker-135] INFO  o.e.m.c.i.embedder.EclipseLogger - Using 'UTF-8' encoding to copy filtered resources.
2016-11-12 01:12:22,611 [Worker-135] INFO  o.e.m.c.i.embedder.EclipseLogger - Copying 1 resource
2016-11-12 01:12:22,612 [Worker-135] INFO  o.e.m.c.i.embedder.EclipseLogger - Copying 1 resource
2016-11-12 01:12:22,614 [Worker-135] INFO  o.e.m.c.i.embedder.EclipseLogger - Using 'UTF-8' encoding to copy filtered resources.
2016-11-12 01:12:22,614 [Worker-135] INFO  o.e.m.c.i.embedder.EclipseLogger - Copying 0 resource
2016-11-12 01:12:37,970 [Worker-135] INFO  o.e.m.c.i.embedder.EclipseLogger - Using 'UTF-8' encoding to copy filtered resources.
2016-11-12 01:12:37,970 [Worker-135] INFO  o.e.m.c.i.embedder.EclipseLogger - Copying 1 resource
2016-11-12 01:12:37,972 [Worker-135] INFO  o.e.m.c.i.embedder.EclipseLogger - Copying 1 resource
2016-11-12 01:12:37,974 [Worker-135] INFO  o.e.m.c.i.embedder.EclipseLogger - Using 'UTF-8' encoding to copy filtered resources.
2016-11-12 01:12:37,974 [Worker-135] INFO  o.e.m.c.i.embedder.EclipseLogger - Copying 0 resource
2016-11-12 01:15:15,094 [Worker-145] INFO  o.e.m.c.i.embedder.EclipseLogger - Using 'UTF-8' encoding to copy filtered resources.
2016-11-12 01:15:15,095 [Worker-145] INFO  o.e.m.c.i.embedder.EclipseLogger - Copying 1 resource
2016-11-12 01:15:15,096 [Worker-145] INFO  o.e.m.c.i.embedder.EclipseLogger - Copying 1 resource
2016-11-12 01:15:15,097 [Worker-145] INFO  o.e.m.c.i.embedder.EclipseLogger - Using 'UTF-8' encoding to copy filtered resources.
2016-11-12 01:15:15,097 [Worker-145] INFO  o.e.m.c.i.embedder.EclipseLogger - Copying 0 resource
2016-11-12 02:08:24,614 [Worker-158] INFO  o.e.m.c.i.embedder.EclipseLogger - Using 'UTF-8' encoding to copy filtered resources.
2016-11-12 02:08:24,616 [Worker-158] INFO  o.e.m.c.i.embedder.EclipseLogger - Copying 1 resource
2016-11-12 02:08:24,619 [Worker-158] INFO  o.e.m.c.i.embedder.EclipseLogger - Copying 1 resource
2016-11-12 02:08:24,622 [Worker-158] INFO  o.e.m.c.i.embedder.EclipseLogger - Using 'UTF-8' encoding to copy filtered resources.
2016-11-12 02:08:24,622 [Worker-158] INFO  o.e.m.c.i.embedder.EclipseLogger - Copying 0 resource
2016-11-12 02:08:37,242 [Worker-158] INFO  o.e.m.c.i.embedder.EclipseLogger - Using 'UTF-8' encoding to copy filtered resources.
2016-11-12 02:08:37,243 [Worker-158] INFO  o.e.m.c.i.embedder.EclipseLogger - Copying 1 resource
2016-11-12 02:08:37,244 [Worker-158] INFO  o.e.m.c.i.embedder.EclipseLogger - Copying 1 resource
2016-11-12 02:08:37,246 [Worker-158] INFO  o.e.m.c.i.embedder.EclipseLogger - Using 'UTF-8' encoding to copy filtered resources.
2016-11-12 02:08:37,247 [Worker-158] INFO  o.e.m.c.i.embedder.EclipseLogger - Copying 0 resource
2016-11-12 02:15:16,967 [Worker-165] INFO  o.e.m.c.i.embedder.EclipseLogger - Using 'UTF-8' encoding to copy filtered resources.
2016-11-12 02:15:16,968 [Worker-165] INFO  o.e.m.c.i.embedder.EclipseLogger - Copying 1 resource
2016-11-12 02:15:16,970 [Worker-165] INFO  o.e.m.c.i.embedder.EclipseLogger - Copying 1 resource
2016-11-12 02:15:16,972 [Worker-165] INFO  o.e.m.c.i.embedder.EclipseLogger - Using 'UTF-8' encoding to copy filtered resources.
2016-11-12 02:15:16,973 [Worker-165] INFO  o.e.m.c.i.embedder.EclipseLogger - Copying 0 resource
2016-11-12 02:15:33,549 [Worker-163] INFO  o.e.m.c.i.embedder.EclipseLogger - Using 'UTF-8' encoding to copy filtered resources.
2016-11-12 02:15:33,550 [Worker-163] INFO  o.e.m.c.i.embedder.EclipseLogger - Copying 1 resource
2016-11-12 02:15:33,550 [Worker-163] INFO  o.e.m.c.i.embedder.EclipseLogger - Copying 1 resource
2016-11-12 02:15:33,552 [Worker-163] INFO  o.e.m.c.i.embedder.EclipseLogger - Using 'UTF-8' encoding to copy filtered resources.
2016-11-12 02:15:33,552 [Worker-163] INFO  o.e.m.c.i.embedder.EclipseLogger - Copying 0 resource
2016-11-12 02:16:01,532 [Worker-165] INFO  o.e.m.c.i.embedder.EclipseLogger - Using 'UTF-8' encoding to copy filtered resources.
2016-11-12 02:16:01,532 [Worker-165] INFO  o.e.m.c.i.embedder.EclipseLogger - Copying 1 resource
2016-11-12 02:16:01,533 [Worker-165] INFO  o.e.m.c.i.embedder.EclipseLogger - Copying 1 resource
2016-11-12 02:16:01,534 [Worker-165] INFO  o.e.m.c.i.embedder.EclipseLogger - Using 'UTF-8' encoding to copy filtered resources.
2016-11-12 02:16:01,534 [Worker-165] INFO  o.e.m.c.i.embedder.EclipseLogger - Copying 0 resource
2016-11-12 02:16:07,883 [Worker-168] INFO  o.e.m.c.i.embedder.EclipseLogger - Using 'UTF-8' encoding to copy filtered resources.
2016-11-12 02:16:07,884 [Worker-168] INFO  o.e.m.c.i.embedder.EclipseLogger - Copying 1 resource
2016-11-12 02:16:07,885 [Worker-168] INFO  o.e.m.c.i.embedder.EclipseLogger - Copying 1 resource
2016-11-12 02:16:07,887 [Worker-168] INFO  o.e.m.c.i.embedder.EclipseLogger - Using 'UTF-8' encoding to copy filtered resources.
2016-11-12 02:16:07,887 [Worker-168] INFO  o.e.m.c.i.embedder.EclipseLogger - Copying 0 resource
2016-11-12 02:24:35,211 [Worker-167] INFO  o.e.m.c.i.l.LifecycleMappingFactory - Using org.eclipse.m2e.jdt.JarLifecycleMapping lifecycle mapping for MavenProject: com.manorama:smart-news:0.0.1-SNAPSHOT @ G:\ManoramaHack\server-framework\smart-news\pom.xml.
2016-11-12 02:24:36,859 [Worker-167] INFO  o.e.m.c.i.embedder.EclipseLogger - Using 'UTF-8' encoding to copy filtered resources.
2016-11-12 02:24:36,859 [Worker-167] INFO  o.e.m.c.i.embedder.EclipseLogger - Copying 0 resource
2016-11-12 02:24:36,860 [Worker-167] INFO  o.e.m.c.i.embedder.EclipseLogger - Copying 0 resource
2016-11-12 02:24:36,861 [Worker-167] INFO  o.e.m.c.i.embedder.EclipseLogger - Using 'UTF-8' encoding to copy filtered resources.
2016-11-12 02:24:36,861 [Worker-167] INFO  o.e.m.c.i.embedder.EclipseLogger - Copying 0 resource
2016-11-12 02:24:39,111 [Worker-167] INFO  o.e.m.c.i.embedder.EclipseLogger - Using 'UTF-8' encoding to copy filtered resources.
2016-11-12 02:24:39,112 [Worker-167] INFO  o.e.m.c.i.embedder.EclipseLogger - Copying 1 resource
2016-11-12 02:24:39,113 [Worker-167] INFO  o.e.m.c.i.embedder.EclipseLogger - Copying 1 resource
2016-11-12 02:24:39,119 [Worker-167] INFO  o.e.m.c.i.embedder.EclipseLogger - Using 'UTF-8' encoding to copy filtered resources.
2016-11-12 02:24:39,119 [Worker-167] INFO  o.e.m.c.i.embedder.EclipseLogger - Copying 0 resource
2016-11-12 02:42:33,003 [Worker-187] INFO  o.e.m.c.i.embedder.EclipseLogger - Using 'UTF-8' encoding to copy filtered resources.
2016-11-12 02:42:33,003 [Worker-187] INFO  o.e.m.c.i.embedder.EclipseLogger - Copying 1 resource
2016-11-12 02:42:33,004 [Worker-187] INFO  o.e.m.c.i.embedder.EclipseLogger - Copying 1 resource
2016-11-12 02:42:33,005 [Worker-187] INFO  o.e.m.c.i.embedder.EclipseLogger - Using 'UTF-8' encoding to copy filtered resources.
2016-11-12 02:42:33,005 [Worker-187] INFO  o.e.m.c.i.embedder.EclipseLogger - Copying 0 resource
2016-11-12 02:47:25,656 [Worker-195] INFO  o.e.m.c.i.embedder.EclipseLogger - Using 'UTF-8' encoding to copy filtered resources.
2016-11-12 02:47:25,657 [Worker-195] INFO  o.e.m.c.i.embedder.EclipseLogger - Copying 1 resource
2016-11-12 02:47:25,659 [Worker-195] INFO  o.e.m.c.i.embedder.EclipseLogger - Copying 1 resource
2016-11-12 02:47:25,661 [Worker-195] INFO  o.e.m.c.i.embedder.EclipseLogger - Using 'UTF-8' encoding to copy filtered resources.
2016-11-12 02:47:25,661 [Worker-195] INFO  o.e.m.c.i.embedder.EclipseLogger - Copying 0 resource
2016-11-12 02:47:31,002 [Worker-191] INFO  o.e.m.c.i.embedder.EclipseLogger - Using 'UTF-8' encoding to copy filtered resources.
2016-11-12 02:47:31,003 [Worker-191] INFO  o.e.m.c.i.embedder.EclipseLogger - Copying 1 resource
2016-11-12 02:47:31,004 [Worker-191] INFO  o.e.m.c.i.embedder.EclipseLogger - Copying 1 resource
2016-11-12 02:47:31,006 [Worker-191] INFO  o.e.m.c.i.embedder.EclipseLogger - Using 'UTF-8' encoding to copy filtered resources.
2016-11-12 02:47:31,006 [Worker-191] INFO  o.e.m.c.i.embedder.EclipseLogger - Copying 0 resource
2016-11-12 08:54:23,714 [Worker-194] INFO  o.e.m.c.i.embedder.EclipseLogger - Using 'UTF-8' encoding to copy filtered resources.
2016-11-12 08:54:23,714 [Worker-194] INFO  o.e.m.c.i.embedder.EclipseLogger - Copying 1 resource
2016-11-12 08:54:23,719 [Worker-194] INFO  o.e.m.c.i.embedder.EclipseLogger - Copying 1 resource
2016-11-12 08:54:23,720 [Worker-194] INFO  o.e.m.c.i.embedder.EclipseLogger - Using 'UTF-8' encoding to copy filtered resources.
2016-11-12 08:54:23,720 [Worker-194] INFO  o.e.m.c.i.embedder.EclipseLogger - Copying 0 resource
2016-11-12 09:09:35,234 [Worker-216] INFO  o.e.m.c.i.embedder.EclipseLogger - Using 'UTF-8' encoding to copy filtered resources.
2016-11-12 09:09:35,236 [Worker-216] INFO  o.e.m.c.i.embedder.EclipseLogger - Copying 1 resource
2016-11-12 09:09:35,299 [Worker-216] INFO  o.e.m.c.i.embedder.EclipseLogger - Copying 1 resource
2016-11-12 09:09:35,301 [Worker-216] INFO  o.e.m.c.i.embedder.EclipseLogger - Using 'UTF-8' encoding to copy filtered resources.
2016-11-12 09:09:35,301 [Worker-216] INFO  o.e.m.c.i.embedder.EclipseLogger - Copying 0 resource
2016-11-12 09:09:48,978 [Worker-219] INFO  o.e.m.c.i.embedder.EclipseLogger - Using 'UTF-8' encoding to copy filtered resources.
2016-11-12 09:09:48,979 [Worker-219] INFO  o.e.m.c.i.embedder.EclipseLogger - Copying 1 resource
2016-11-12 09:09:48,981 [Worker-219] INFO  o.e.m.c.i.embedder.EclipseLogger - Copying 1 resource
2016-11-12 09:09:48,983 [Worker-219] INFO  o.e.m.c.i.embedder.EclipseLogger - Using 'UTF-8' encoding to copy filtered resources.
2016-11-12 09:09:48,983 [Worker-219] INFO  o.e.m.c.i.embedder.EclipseLogger - Copying 0 resource
2016-11-12 09:10:06,413 [Worker-220] INFO  o.e.m.c.i.embedder.EclipseLogger - Using 'UTF-8' encoding to copy filtered resources.
2016-11-12 09:10:06,413 [Worker-220] INFO  o.e.m.c.i.embedder.EclipseLogger - Copying 1 resource
2016-11-12 09:10:06,414 [Worker-220] INFO  o.e.m.c.i.embedder.EclipseLogger - Copying 1 resource
2016-11-12 09:10:06,416 [Worker-220] INFO  o.e.m.c.i.embedder.EclipseLogger - Using 'UTF-8' encoding to copy filtered resources.
2016-11-12 09:10:06,417 [Worker-220] INFO  o.e.m.c.i.embedder.EclipseLogger - Copying 0 resource
2016-11-12 09:11:28,437 [Worker-217] INFO  o.e.m.c.i.embedder.EclipseLogger - Using 'UTF-8' encoding to copy filtered resources.
2016-11-12 09:11:28,438 [Worker-217] INFO  o.e.m.c.i.embedder.EclipseLogger - Copying 1 resource
2016-11-12 09:11:28,440 [Worker-217] INFO  o.e.m.c.i.embedder.EclipseLogger - Copying 1 resource
2016-11-12 09:11:28,443 [Worker-217] INFO  o.e.m.c.i.embedder.EclipseLogger - Using 'UTF-8' encoding to copy filtered resources.
2016-11-12 09:11:28,444 [Worker-217] INFO  o.e.m.c.i.embedder.EclipseLogger - Copying 0 resource
2016-11-12 09:26:16,680 [Worker-228] INFO  o.e.m.c.i.embedder.EclipseLogger - Using 'UTF-8' encoding to copy filtered resources.
2016-11-12 09:26:16,681 [Worker-228] INFO  o.e.m.c.i.embedder.EclipseLogger - Copying 1 resource
2016-11-12 09:26:16,682 [Worker-228] INFO  o.e.m.c.i.embedder.EclipseLogger - Copying 1 resource
2016-11-12 09:26:16,684 [Worker-228] INFO  o.e.m.c.i.embedder.EclipseLogger - Using 'UTF-8' encoding to copy filtered resources.
2016-11-12 09:26:16,684 [Worker-228] INFO  o.e.m.c.i.embedder.EclipseLogger - Copying 0 resource
2016-11-12 09:27:10,305 [Worker-233] INFO  o.e.m.c.i.embedder.EclipseLogger - Using 'UTF-8' encoding to copy filtered resources.
2016-11-12 09:27:10,306 [Worker-233] INFO  o.e.m.c.i.embedder.EclipseLogger - Copying 1 resource
2016-11-12 09:27:10,307 [Worker-233] INFO  o.e.m.c.i.embedder.EclipseLogger - Copying 1 resource
2016-11-12 09:27:10,308 [Worker-233] INFO  o.e.m.c.i.embedder.EclipseLogger - Using 'UTF-8' encoding to copy filtered resources.
2016-11-12 09:27:10,308 [Worker-233] INFO  o.e.m.c.i.embedder.EclipseLogger - Copying 0 resource
2016-11-12 09:28:07,014 [Worker-228] INFO  o.e.m.c.i.embedder.EclipseLogger - Using 'UTF-8' encoding to copy filtered resources.
2016-11-12 09:28:07,014 [Worker-228] INFO  o.e.m.c.i.embedder.EclipseLogger - Copying 1 resource
2016-11-12 09:28:07,016 [Worker-228] INFO  o.e.m.c.i.embedder.EclipseLogger - Copying 1 resource
2016-11-12 09:28:07,018 [Worker-228] INFO  o.e.m.c.i.embedder.EclipseLogger - Using 'UTF-8' encoding to copy filtered resources.
2016-11-12 09:28:07,019 [Worker-228] INFO  o.e.m.c.i.embedder.EclipseLogger - Copying 0 resource
2016-11-12 09:33:56,385 [Worker-230] INFO  o.e.m.c.i.embedder.EclipseLogger - Using 'UTF-8' encoding to copy filtered resources.
2016-11-12 09:33:56,385 [Worker-230] INFO  o.e.m.c.i.embedder.EclipseLogger - Copying 1 resource
2016-11-12 09:33:56,386 [Worker-230] INFO  o.e.m.c.i.embedder.EclipseLogger - Copying 1 resource
2016-11-12 09:33:56,388 [Worker-230] INFO  o.e.m.c.i.embedder.EclipseLogger - Using 'UTF-8' encoding to copy filtered resources.
2016-11-12 09:33:56,388 [Worker-230] INFO  o.e.m.c.i.embedder.EclipseLogger - Copying 0 resource
2016-11-12 09:37:12,997 [Worker-228] INFO  o.e.m.c.i.embedder.EclipseLogger - Using 'UTF-8' encoding to copy filtered resources.
2016-11-12 09:37:12,998 [Worker-228] INFO  o.e.m.c.i.embedder.EclipseLogger - Copying 1 resource
2016-11-12 09:37:12,999 [Worker-228] INFO  o.e.m.c.i.embedder.EclipseLogger - Copying 1 resource
2016-11-12 09:37:13,000 [Worker-228] INFO  o.e.m.c.i.embedder.EclipseLogger - Using 'UTF-8' encoding to copy filtered resources.
2016-11-12 09:37:13,001 [Worker-228] INFO  o.e.m.c.i.embedder.EclipseLogger - Copying 0 resource
2016-11-12 09:42:04,836 [Worker-243] INFO  o.e.m.c.i.embedder.EclipseLogger - Using 'UTF-8' encoding to copy filtered resources.
2016-11-12 09:42:04,837 [Worker-243] INFO  o.e.m.c.i.embedder.EclipseLogger - Copying 1 resource
2016-11-12 09:42:04,838 [Worker-243] INFO  o.e.m.c.i.embedder.EclipseLogger - Copying 1 resource
2016-11-12 09:42:04,839 [Worker-243] INFO  o.e.m.c.i.embedder.EclipseLogger - Using 'UTF-8' encoding to copy filtered resources.
2016-11-12 09:42:04,840 [Worker-243] INFO  o.e.m.c.i.embedder.EclipseLogger - Copying 0 resource
2016-11-12 09:45:05,873 [Worker-241] INFO  o.e.m.c.i.embedder.EclipseLogger - Using 'UTF-8' encoding to copy filtered resources.
2016-11-12 09:45:05,874 [Worker-241] INFO  o.e.m.c.i.embedder.EclipseLogger - Copying 1 resource
2016-11-12 09:45:05,875 [Worker-241] INFO  o.e.m.c.i.embedder.EclipseLogger - Copying 1 resource
2016-11-12 09:45:05,877 [Worker-241] INFO  o.e.m.c.i.embedder.EclipseLogger - Using 'UTF-8' encoding to copy filtered resources.
2016-11-12 09:45:05,878 [Worker-241] INFO  o.e.m.c.i.embedder.EclipseLogger - Copying 0 resource
2016-11-12 09:46:55,765 [Worker-241] INFO  o.e.m.c.i.embedder.EclipseLogger - Using 'UTF-8' encoding to copy filtered resources.
2016-11-12 09:46:55,766 [Worker-241] INFO  o.e.m.c.i.embedder.EclipseLogger - Copying 1 resource
2016-11-12 09:46:55,767 [Worker-241] INFO  o.e.m.c.i.embedder.EclipseLogger - Copying 1 resource
2016-11-12 09:46:55,768 [Worker-241] INFO  o.e.m.c.i.embedder.EclipseLogger - Using 'UTF-8' encoding to copy filtered resources.
2016-11-12 09:46:55,768 [Worker-241] INFO  o.e.m.c.i.embedder.EclipseLogger - Copying 0 resource
2016-11-12 09:47:56,009 [Worker-244] INFO  o.e.m.c.i.embedder.EclipseLogger - Using 'UTF-8' encoding to copy filtered resources.
2016-11-12 09:47:56,010 [Worker-244] INFO  o.e.m.c.i.embedder.EclipseLogger - Copying 1 resource
2016-11-12 09:47:56,011 [Worker-244] INFO  o.e.m.c.i.embedder.EclipseLogger - Copying 1 resource
2016-11-12 09:47:56,012 [Worker-244] INFO  o.e.m.c.i.embedder.EclipseLogger - Using 'UTF-8' encoding to copy filtered resources.
2016-11-12 09:47:56,013 [Worker-244] INFO  o.e.m.c.i.embedder.EclipseLogger - Copying 0 resource
2016-11-12 09:48:03,027 [Worker-241] INFO  o.e.m.c.i.embedder.EclipseLogger - Using 'UTF-8' encoding to copy filtered resources.
2016-11-12 09:48:03,028 [Worker-241] INFO  o.e.m.c.i.embedder.EclipseLogger - Copying 1 resource
2016-11-12 09:48:03,029 [Worker-241] INFO  o.e.m.c.i.embedder.EclipseLogger - Copying 1 resource
2016-11-12 09:48:03,031 [Worker-241] INFO  o.e.m.c.i.embedder.EclipseLogger - Using 'UTF-8' encoding to copy filtered resources.
2016-11-12 09:48:03,031 [Worker-241] INFO  o.e.m.c.i.embedder.EclipseLogger - Copying 0 resource
2016-11-12 10:08:21,693 [Worker-251] INFO  o.e.m.c.i.embedder.EclipseLogger - Using 'UTF-8' encoding to copy filtered resources.
2016-11-12 10:08:21,694 [Worker-251] INFO  o.e.m.c.i.embedder.EclipseLogger - Copying 1 resource
2016-11-12 10:08:21,695 [Worker-251] INFO  o.e.m.c.i.embedder.EclipseLogger - Copying 1 resource
2016-11-12 10:08:21,697 [Worker-251] INFO  o.e.m.c.i.embedder.EclipseLogger - Using 'UTF-8' encoding to copy filtered resources.
2016-11-12 10:08:21,697 [Worker-251] INFO  o.e.m.c.i.embedder.EclipseLogger - Copying 0 resource
2016-11-12 10:09:04,372 [Worker-249] INFO  o.e.m.c.i.embedder.EclipseLogger - Using 'UTF-8' encoding to copy filtered resources.
2016-11-12 10:09:04,373 [Worker-249] INFO  o.e.m.c.i.embedder.EclipseLogger - Copying 1 resource
2016-11-12 10:09:04,373 [Worker-249] INFO  o.e.m.c.i.embedder.EclipseLogger - Copying 1 resource
2016-11-12 10:09:04,375 [Worker-249] INFO  o.e.m.c.i.embedder.EclipseLogger - Using 'UTF-8' encoding to copy filtered resources.
2016-11-12 10:09:04,375 [Worker-249] INFO  o.e.m.c.i.embedder.EclipseLogger - Copying 0 resource
2016-11-12 10:33:09,693 [Worker-268] INFO  o.e.m.c.i.embedder.EclipseLogger - Using 'UTF-8' encoding to copy filtered resources.
2016-11-12 10:33:09,695 [Worker-268] INFO  o.e.m.c.i.embedder.EclipseLogger - Copying 1 resource
2016-11-12 10:33:09,696 [Worker-268] INFO  o.e.m.c.i.embedder.EclipseLogger - Copying 1 resource
2016-11-12 10:33:09,698 [Worker-268] INFO  o.e.m.c.i.embedder.EclipseLogger - Using 'UTF-8' encoding to copy filtered resources.
2016-11-12 10:33:09,698 [Worker-268] INFO  o.e.m.c.i.embedder.EclipseLogger - Copying 0 resource
2016-11-12 10:40:47,394 [Worker-272] INFO  o.e.m.c.i.embedder.EclipseLogger - Using 'UTF-8' encoding to copy filtered resources.
2016-11-12 10:40:47,395 [Worker-272] INFO  o.e.m.c.i.embedder.EclipseLogger - Copying 1 resource
2016-11-12 10:40:47,396 [Worker-272] INFO  o.e.m.c.i.embedder.EclipseLogger - Copying 1 resource
2016-11-12 10:40:47,398 [Worker-272] INFO  o.e.m.c.i.embedder.EclipseLogger - Using 'UTF-8' encoding to copy filtered resources.
2016-11-12 10:40:47,398 [Worker-272] INFO  o.e.m.c.i.embedder.EclipseLogger - Copying 0 resource
2016-11-12 11:21:03,472 [Worker-286] INFO  o.e.m.c.i.embedder.EclipseLogger - Using 'UTF-8' encoding to copy filtered resources.
2016-11-12 11:21:03,474 [Worker-286] INFO  o.e.m.c.i.embedder.EclipseLogger - Copying 1 resource
2016-11-12 11:21:03,476 [Worker-286] INFO  o.e.m.c.i.embedder.EclipseLogger - Copying 1 resource
2016-11-12 11:21:03,479 [Worker-286] INFO  o.e.m.c.i.embedder.EclipseLogger - Using 'UTF-8' encoding to copy filtered resources.
2016-11-12 11:21:03,479 [Worker-286] INFO  o.e.m.c.i.embedder.EclipseLogger - Copying 0 resource
2016-11-12 11:21:11,610 [Worker-290] INFO  o.e.m.c.i.embedder.EclipseLogger - Using 'UTF-8' encoding to copy filtered resources.
2016-11-12 11:21:11,611 [Worker-290] INFO  o.e.m.c.i.embedder.EclipseLogger - Copying 1 resource
2016-11-12 11:21:11,612 [Worker-290] INFO  o.e.m.c.i.embedder.EclipseLogger - Copying 1 resource
2016-11-12 11:21:11,614 [Worker-290] INFO  o.e.m.c.i.embedder.EclipseLogger - Using 'UTF-8' encoding to copy filtered resources.
2016-11-12 11:21:11,614 [Worker-290] INFO  o.e.m.c.i.embedder.EclipseLogger - Copying 0 resource
2016-11-12 11:36:25,830 [Worker-294] INFO  o.e.m.c.i.embedder.EclipseLogger - Using 'UTF-8' encoding to copy filtered resources.
2016-11-12 11:36:25,831 [Worker-294] INFO  o.e.m.c.i.embedder.EclipseLogger - Copying 1 resource
2016-11-12 11:36:25,832 [Worker-294] INFO  o.e.m.c.i.embedder.EclipseLogger - Copying 1 resource
2016-11-12 11:36:25,834 [Worker-294] INFO  o.e.m.c.i.embedder.EclipseLogger - Using 'UTF-8' encoding to copy filtered resources.
2016-11-12 11:36:25,835 [Worker-294] INFO  o.e.m.c.i.embedder.EclipseLogger - Copying 0 resource
2016-11-12 11:36:53,433 [Worker-297] INFO  o.e.m.c.i.embedder.EclipseLogger - Using 'UTF-8' encoding to copy filtered resources.
2016-11-12 11:36:53,434 [Worker-297] INFO  o.e.m.c.i.embedder.EclipseLogger - Copying 1 resource
2016-11-12 11:36:53,435 [Worker-297] INFO  o.e.m.c.i.embedder.EclipseLogger - Copying 1 resource
2016-11-12 11:36:53,439 [Worker-297] INFO  o.e.m.c.i.embedder.EclipseLogger - Using 'UTF-8' encoding to copy filtered resources.
2016-11-12 11:36:53,439 [Worker-297] INFO  o.e.m.c.i.embedder.EclipseLogger - Copying 0 resource
2016-11-12 12:34:46,886 [Worker-312] INFO  o.e.m.c.i.embedder.EclipseLogger - Using 'UTF-8' encoding to copy filtered resources.
2016-11-12 12:34:46,887 [Worker-312] INFO  o.e.m.c.i.embedder.EclipseLogger - Copying 1 resource
2016-11-12 12:34:46,891 [Worker-312] INFO  o.e.m.c.i.embedder.EclipseLogger - Copying 1 resource
2016-11-12 12:34:46,894 [Worker-312] INFO  o.e.m.c.i.embedder.EclipseLogger - Using 'UTF-8' encoding to copy filtered resources.
2016-11-12 12:34:46,894 [Worker-312] INFO  o.e.m.c.i.embedder.EclipseLogger - Copying 0 resource
2016-11-12 12:34:58,913 [Worker-308] INFO  o.e.m.c.i.embedder.EclipseLogger - Using 'UTF-8' encoding to copy filtered resources.
2016-11-12 12:34:58,914 [Worker-308] INFO  o.e.m.c.i.embedder.EclipseLogger - Copying 1 resource
2016-11-12 12:34:58,915 [Worker-308] INFO  o.e.m.c.i.embedder.EclipseLogger - Copying 1 resource
2016-11-12 12:34:58,916 [Worker-308] INFO  o.e.m.c.i.embedder.EclipseLogger - Using 'UTF-8' encoding to copy filtered resources.
2016-11-12 12:34:58,916 [Worker-308] INFO  o.e.m.c.i.embedder.EclipseLogger - Copying 0 resource
2016-11-12 12:35:09,353 [Worker-313] INFO  o.e.m.c.i.embedder.EclipseLogger - Using 'UTF-8' encoding to copy filtered resources.
2016-11-12 12:35:09,354 [Worker-313] INFO  o.e.m.c.i.embedder.EclipseLogger - Copying 1 resource
2016-11-12 12:35:09,355 [Worker-313] INFO  o.e.m.c.i.embedder.EclipseLogger - Copying 1 resource
2016-11-12 12:35:09,356 [Worker-313] INFO  o.e.m.c.i.embedder.EclipseLogger - Using 'UTF-8' encoding to copy filtered resources.
2016-11-12 12:35:09,356 [Worker-313] INFO  o.e.m.c.i.embedder.EclipseLogger - Copying 0 resource
2016-11-12 12:35:16,529 [Worker-313] INFO  o.e.m.c.i.embedder.EclipseLogger - Using 'UTF-8' encoding to copy filtered resources.
2016-11-12 12:35:16,530 [Worker-313] INFO  o.e.m.c.i.embedder.EclipseLogger - Copying 1 resource
2016-11-12 12:35:16,531 [Worker-313] INFO  o.e.m.c.i.embedder.EclipseLogger - Copying 1 resource
2016-11-12 12:35:16,533 [Worker-313] INFO  o.e.m.c.i.embedder.EclipseLogger - Using 'UTF-8' encoding to copy filtered resources.
2016-11-12 12:35:16,533 [Worker-313] INFO  o.e.m.c.i.embedder.EclipseLogger - Copying 0 resource
2016-11-12 12:37:30,467 [Worker-312] INFO  o.e.m.c.i.embedder.EclipseLogger - Using 'UTF-8' encoding to copy filtered resources.
2016-11-12 12:37:30,468 [Worker-312] INFO  o.e.m.c.i.embedder.EclipseLogger - Copying 1 resource
2016-11-12 12:37:30,469 [Worker-312] INFO  o.e.m.c.i.embedder.EclipseLogger - Copying 1 resource
2016-11-12 12:37:30,470 [Worker-312] INFO  o.e.m.c.i.embedder.EclipseLogger - Using 'UTF-8' encoding to copy filtered resources.
2016-11-12 12:37:30,471 [Worker-312] INFO  o.e.m.c.i.embedder.EclipseLogger - Copying 0 resource
2016-11-12 16:02:01,773 [Worker-4] INFO  o.e.m.c.i.l.LifecycleMappingFactory - Using org.eclipse.m2e.jdt.JarLifecycleMapping lifecycle mapping for MavenProject: com.manorama:smart-news:0.0.1-SNAPSHOT @ G:\ManoramaHack\server-framework\smart-news\pom.xml.
2016-11-12 16:02:01,773 [Worker-7] INFO  o.e.m.c.i.l.LifecycleMappingFactory - Using org.eclipse.m2e.jdt.JarLifecycleMapping lifecycle mapping for MavenProject: com.manorama:smart-news:0.0.1-SNAPSHOT @ G:\ManoramaHack\server-framework\smart-news\pom.xml.
2016-11-12 16:02:09,866 [Worker-7] INFO  o.e.m.c.i.embedder.EclipseLogger - Using 'UTF-8' encoding to copy filtered resources.
2016-11-12 16:02:09,866 [Worker-7] INFO  o.e.m.c.i.embedder.EclipseLogger - Copying 1 resource
2016-11-12 16:02:09,935 [Worker-7] INFO  o.e.m.c.i.embedder.EclipseLogger - Copying 1 resource
2016-11-12 16:02:09,935 [Worker-7] INFO  o.e.m.c.i.embedder.EclipseLogger - Using 'UTF-8' encoding to copy filtered resources.
2016-11-12 16:02:09,935 [Worker-7] INFO  o.e.m.c.i.embedder.EclipseLogger - Copying 0 resource
2016-11-12 16:02:11,284 [Worker-8] INFO  o.e.m.c.i.l.LifecycleMappingFactory - Using org.eclipse.m2e.jdt.JarLifecycleMapping lifecycle mapping for MavenProject: com.manorama:smart-news:0.0.1-SNAPSHOT @ G:\ManoramaHack\server-framework\smart-news\pom.xml.
2016-11-12 16:02:14,118 [Worker-11] INFO  o.e.m.c.i.embedder.EclipseLogger - Using 'UTF-8' encoding to copy filtered resources.
2016-11-12 16:02:14,123 [Worker-11] INFO  o.e.m.c.i.embedder.EclipseLogger - Copying 0 resource
2016-11-12 16:02:14,124 [Worker-11] INFO  o.e.m.c.i.embedder.EclipseLogger - Copying 0 resource
2016-11-12 16:02:14,128 [Worker-11] INFO  o.e.m.c.i.embedder.EclipseLogger - Using 'UTF-8' encoding to copy filtered resources.
2016-11-12 16:02:14,128 [Worker-11] INFO  o.e.m.c.i.embedder.EclipseLogger - Copying 0 resource
